{"D:\\Study\\DAW2-2-24-25\\TFG\\Toastem\\app.js": {"path":"D:\\Study\\DAW2-2-24-25\\TFG\\Toastem\\app.js","statementMap":{"0":{"start":{"line":1,"column":16},"end":{"line":1,"column":34}},"1":{"start":{"line":2,"column":13},"end":{"line":2,"column":28}},"2":{"start":{"line":3,"column":16},"end":{"line":3,"column":42}},"3":{"start":{"line":4,"column":12},"end":{"line":4,"column":26}},"4":{"start":{"line":5,"column":23},"end":{"line":5,"column":53}},"5":{"start":{"line":6,"column":13},"end":{"line":6,"column":28}},"6":{"start":{"line":7,"column":11},"end":{"line":7,"column":39}},"7":{"start":{"line":8,"column":21},"end":{"line":8,"column":45}},"8":{"start":{"line":9,"column":18},"end":{"line":9,"column":47}},"9":{"start":{"line":10,"column":0},"end":{"line":10,"column":27}},"10":{"start":{"line":13,"column":23},"end":{"line":33,"column":1}},"11":{"start":{"line":35,"column":20},"end":{"line":35,"column":48}},"12":{"start":{"line":38,"column":19},"end":{"line":38,"column":49}},"13":{"start":{"line":39,"column":24},"end":{"line":39,"column":59}},"14":{"start":{"line":42,"column":12},"end":{"line":42,"column":21}},"15":{"start":{"line":45,"column":0},"end":{"line":45,"column":30}},"16":{"start":{"line":46,"column":0},"end":{"line":46,"column":48}},"17":{"start":{"line":47,"column":0},"end":{"line":47,"column":34}},"18":{"start":{"line":50,"column":0},"end":{"line":50,"column":24}},"19":{"start":{"line":51,"column":0},"end":{"line":51,"column":48}},"20":{"start":{"line":52,"column":0},"end":{"line":52,"column":56}},"21":{"start":{"line":53,"column":0},"end":{"line":53,"column":16}},"22":{"start":{"line":54,"column":0},"end":{"line":54,"column":24}},"23":{"start":{"line":57,"column":0},"end":{"line":57,"column":68}},"24":{"start":{"line":60,"column":0},"end":{"line":68,"column":4}},"25":{"start":{"line":71,"column":0},"end":{"line":75,"column":3}},"26":{"start":{"line":72,"column":2},"end":{"line":72,"column":51}},"27":{"start":{"line":73,"column":2},"end":{"line":73,"column":50}},"28":{"start":{"line":74,"column":2},"end":{"line":74,"column":9}},"29":{"start":{"line":78,"column":0},"end":{"line":80,"column":3}},"30":{"start":{"line":79,"column":2},"end":{"line":79,"column":54}},"31":{"start":{"line":82,"column":0},"end":{"line":82,"column":29}},"32":{"start":{"line":83,"column":0},"end":{"line":83,"column":39}},"33":{"start":{"line":86,"column":0},"end":{"line":91,"column":3}},"34":{"start":{"line":87,"column":2},"end":{"line":90,"column":5}},"35":{"start":{"line":94,"column":0},"end":{"line":101,"column":3}},"36":{"start":{"line":95,"column":2},"end":{"line":95,"column":31}},"37":{"start":{"line":96,"column":2},"end":{"line":100,"column":5}},"38":{"start":{"line":104,"column":0},"end":{"line":104,"column":21}},"39":{"start":{"line":107,"column":0},"end":{"line":124,"column":1}},"40":{"start":{"line":108,"column":15},"end":{"line":108,"column":39}},"41":{"start":{"line":109,"column":2},"end":{"line":123,"column":5}},"42":{"start":{"line":110,"column":4},"end":{"line":110,"column":66}},"43":{"start":{"line":113,"column":4},"end":{"line":122,"column":5}},"44":{"start":{"line":114,"column":24},"end":{"line":114,"column":49}},"45":{"start":{"line":115,"column":6},"end":{"line":119,"column":7}},"46":{"start":{"line":116,"column":8},"end":{"line":116,"column":77}},"47":{"start":{"line":118,"column":8},"end":{"line":118,"column":64}},"48":{"start":{"line":121,"column":6},"end":{"line":121,"column":68}}},"fnMap":{"0":{"name":"(anonymous_0)","decl":{"start":{"line":71,"column":8},"end":{"line":71,"column":9}},"loc":{"start":{"line":71,"column":28},"end":{"line":75,"column":1}},"line":71},"1":{"name":"(anonymous_1)","decl":{"start":{"line":78,"column":13},"end":{"line":78,"column":14}},"loc":{"start":{"line":78,"column":27},"end":{"line":80,"column":1}},"line":78},"2":{"name":"(anonymous_2)","decl":{"start":{"line":86,"column":8},"end":{"line":86,"column":9}},"loc":{"start":{"line":86,"column":22},"end":{"line":91,"column":1}},"line":86},"3":{"name":"(anonymous_3)","decl":{"start":{"line":94,"column":8},"end":{"line":94,"column":9}},"loc":{"start":{"line":94,"column":33},"end":{"line":101,"column":1}},"line":94},"4":{"name":"(anonymous_4)","decl":{"start":{"line":109,"column":19},"end":{"line":109,"column":20}},"loc":{"start":{"line":109,"column":31},"end":{"line":123,"column":3}},"line":109}},"branchMap":{"0":{"loc":{"start":{"line":61,"column":10},"end":{"line":61,"column":60}},"type":"binary-expr","locations":[{"start":{"line":61,"column":10},"end":{"line":61,"column":36}},{"start":{"line":61,"column":40},"end":{"line":61,"column":60}}],"line":61},"1":{"loc":{"start":{"line":72,"column":23},"end":{"line":72,"column":50}},"type":"binary-expr","locations":[{"start":{"line":72,"column":23},"end":{"line":72,"column":42}},{"start":{"line":72,"column":46},"end":{"line":72,"column":50}}],"line":72},"2":{"loc":{"start":{"line":98,"column":11},"end":{"line":98,"column":60}},"type":"cond-expr","locations":[{"start":{"line":98,"column":52},"end":{"line":98,"column":55}},{"start":{"line":98,"column":58},"end":{"line":98,"column":60}}],"line":98},"3":{"loc":{"start":{"line":107,"column":0},"end":{"line":124,"column":1}},"type":"if","locations":[{"start":{"line":107,"column":0},"end":{"line":124,"column":1}},{"start":{},"end":{}}],"line":107},"4":{"loc":{"start":{"line":108,"column":15},"end":{"line":108,"column":39}},"type":"binary-expr","locations":[{"start":{"line":108,"column":15},"end":{"line":108,"column":31}},{"start":{"line":108,"column":35},"end":{"line":108,"column":39}}],"line":108},"5":{"loc":{"start":{"line":115,"column":6},"end":{"line":119,"column":7}},"type":"if","locations":[{"start":{"line":115,"column":6},"end":{"line":119,"column":7}},{"start":{"line":117,"column":13},"end":{"line":119,"column":7}}],"line":115}},"s":{"0":2,"1":2,"2":2,"3":2,"4":2,"5":2,"6":2,"7":2,"8":2,"9":2,"10":2,"11":2,"12":2,"13":2,"14":2,"15":2,"16":2,"17":2,"18":2,"19":2,"20":2,"21":2,"22":2,"23":2,"24":2,"25":2,"26":0,"27":0,"28":0,"29":2,"30":0,"31":2,"32":2,"33":2,"34":0,"35":2,"36":0,"37":0,"38":2,"39":2,"40":0,"41":0,"42":0,"43":0,"44":0,"45":0,"46":0,"47":0,"48":0},"f":{"0":0,"1":0,"2":0,"3":0,"4":0},"b":{"0":[2,0],"1":[0,0],"2":[0,0],"3":[0,2],"4":[0,0],"5":[0,0]},"_coverageSchema":"1a1c01bbd47fc00a2c39e90264f33305004495a9","hash":"8f3488495055c4231a955284073e992255d92101"}
,"D:\\Study\\DAW2-2-24-25\\TFG\\Toastem\\controllers\\authController.js": {"path":"D:\\Study\\DAW2-2-24-25\\TFG\\Toastem\\controllers\\authController.js","statementMap":{"0":{"start":{"line":1,"column":15},"end":{"line":1,"column":32}},"1":{"start":{"line":2,"column":11},"end":{"line":2,"column":40}},"2":{"start":{"line":3,"column":16},"end":{"line":3,"column":44}},"3":{"start":{"line":4,"column":29},"end":{"line":4,"column":57}},"4":{"start":{"line":9,"column":34},"end":{"line":14,"column":1}},"5":{"start":{"line":10,"column":2},"end":{"line":13,"column":5}},"6":{"start":{"line":19,"column":22},"end":{"line":83,"column":1}},"7":{"start":{"line":20,"column":2},"end":{"line":82,"column":3}},"8":{"start":{"line":21,"column":35},"end":{"line":21,"column":43}},"9":{"start":{"line":22,"column":20},"end":{"line":22,"column":22}},"10":{"start":{"line":25,"column":4},"end":{"line":29,"column":5}},"11":{"start":{"line":26,"column":6},"end":{"line":26,"column":68}},"12":{"start":{"line":27,"column":11},"end":{"line":29,"column":5}},"13":{"start":{"line":28,"column":6},"end":{"line":28,"column":62}},"14":{"start":{"line":31,"column":4},"end":{"line":33,"column":5}},"15":{"start":{"line":32,"column":6},"end":{"line":32,"column":64}},"16":{"start":{"line":36,"column":4},"end":{"line":38,"column":5}},"17":{"start":{"line":37,"column":6},"end":{"line":37,"column":47}},"18":{"start":{"line":41,"column":23},"end":{"line":44,"column":5}},"19":{"start":{"line":46,"column":4},"end":{"line":52,"column":5}},"20":{"start":{"line":47,"column":6},"end":{"line":51,"column":9}},"21":{"start":{"line":54,"column":20},"end":{"line":54,"column":31}},"22":{"start":{"line":57,"column":29},"end":{"line":57,"column":79}},"23":{"start":{"line":58,"column":4},"end":{"line":64,"column":5}},"24":{"start":{"line":59,"column":6},"end":{"line":63,"column":9}},"25":{"start":{"line":67,"column":4},"end":{"line":67,"column":28}},"26":{"start":{"line":68,"column":4},"end":{"line":68,"column":39}},"27":{"start":{"line":71,"column":4},"end":{"line":71,"column":39}},"28":{"start":{"line":72,"column":4},"end":{"line":72,"column":34}},"29":{"start":{"line":74,"column":4},"end":{"line":74,"column":30}},"30":{"start":{"line":76,"column":4},"end":{"line":76,"column":53}},"31":{"start":{"line":77,"column":4},"end":{"line":81,"column":7}},"32":{"start":{"line":88,"column":30},"end":{"line":112,"column":1}},"33":{"start":{"line":89,"column":2},"end":{"line":111,"column":3}},"34":{"start":{"line":91,"column":27},"end":{"line":97,"column":5}},"35":{"start":{"line":99,"column":4},"end":{"line":103,"column":7}},"36":{"start":{"line":105,"column":4},"end":{"line":105,"column":67}},"37":{"start":{"line":106,"column":4},"end":{"line":110,"column":7}},"38":{"start":{"line":116,"column":18},"end":{"line":116,"column":20}},"39":{"start":{"line":119,"column":2},"end":{"line":125,"column":3}},"40":{"start":{"line":120,"column":4},"end":{"line":120,"column":54}},"41":{"start":{"line":121,"column":9},"end":{"line":125,"column":3}},"42":{"start":{"line":122,"column":4},"end":{"line":122,"column":71}},"43":{"start":{"line":123,"column":9},"end":{"line":125,"column":3}},"44":{"start":{"line":124,"column":4},"end":{"line":124,"column":80}},"45":{"start":{"line":128,"column":2},"end":{"line":132,"column":3}},"46":{"start":{"line":129,"column":4},"end":{"line":129,"column":66}},"47":{"start":{"line":130,"column":9},"end":{"line":132,"column":3}},"48":{"start":{"line":131,"column":4},"end":{"line":131,"column":60}},"49":{"start":{"line":135,"column":2},"end":{"line":139,"column":3}},"50":{"start":{"line":136,"column":4},"end":{"line":136,"column":62}},"51":{"start":{"line":137,"column":9},"end":{"line":139,"column":3}},"52":{"start":{"line":138,"column":4},"end":{"line":138,"column":97}},"53":{"start":{"line":142,"column":2},"end":{"line":146,"column":3}},"54":{"start":{"line":143,"column":4},"end":{"line":143,"column":65}},"55":{"start":{"line":144,"column":9},"end":{"line":146,"column":3}},"56":{"start":{"line":145,"column":4},"end":{"line":145,"column":65}},"57":{"start":{"line":149,"column":2},"end":{"line":151,"column":3}},"58":{"start":{"line":150,"column":4},"end":{"line":150,"column":78}},"59":{"start":{"line":154,"column":2},"end":{"line":156,"column":3}},"60":{"start":{"line":155,"column":4},"end":{"line":155,"column":83}},"61":{"start":{"line":159,"column":2},"end":{"line":161,"column":3}},"62":{"start":{"line":160,"column":4},"end":{"line":160,"column":72}},"63":{"start":{"line":164,"column":2},"end":{"line":168,"column":3}},"64":{"start":{"line":165,"column":4},"end":{"line":165,"column":78}},"65":{"start":{"line":166,"column":9},"end":{"line":168,"column":3}},"66":{"start":{"line":167,"column":4},"end":{"line":167,"column":113}},"67":{"start":{"line":170,"column":2},"end":{"line":170,"column":17}},"68":{"start":{"line":175,"column":2},"end":{"line":178,"column":15}},"69":{"start":{"line":177,"column":20},"end":{"line":177,"column":70}},"70":{"start":{"line":184,"column":25},"end":{"line":250,"column":1}},"71":{"start":{"line":185,"column":2},"end":{"line":249,"column":3}},"72":{"start":{"line":186,"column":18},"end":{"line":186,"column":26}},"73":{"start":{"line":187,"column":4},"end":{"line":187,"column":43}},"74":{"start":{"line":190,"column":20},"end":{"line":190,"column":47}},"75":{"start":{"line":193,"column":4},"end":{"line":195,"column":5}},"76":{"start":{"line":194,"column":6},"end":{"line":194,"column":47}},"77":{"start":{"line":198,"column":33},"end":{"line":201,"column":5}},"78":{"start":{"line":203,"column":4},"end":{"line":209,"column":5}},"79":{"start":{"line":204,"column":6},"end":{"line":208,"column":9}},"80":{"start":{"line":212,"column":17},"end":{"line":212,"column":41}},"81":{"start":{"line":213,"column":27},"end":{"line":213,"column":68}},"82":{"start":{"line":216,"column":24},"end":{"line":230,"column":5}},"83":{"start":{"line":233,"column":4},"end":{"line":241,"column":5}},"84":{"start":{"line":234,"column":6},"end":{"line":234,"column":68}},"85":{"start":{"line":235,"column":6},"end":{"line":238,"column":9}},"86":{"start":{"line":240,"column":6},"end":{"line":240,"column":73}},"87":{"start":{"line":243,"column":4},"end":{"line":243,"column":55}},"88":{"start":{"line":244,"column":4},"end":{"line":248,"column":7}},"89":{"start":{"line":255,"column":21},"end":{"line":259,"column":1}},"90":{"start":{"line":256,"column":2},"end":{"line":258,"column":5}},"91":{"start":{"line":257,"column":4},"end":{"line":257,"column":32}},"92":{"start":{"line":264,"column":34},"end":{"line":280,"column":1}},"93":{"start":{"line":265,"column":2},"end":{"line":279,"column":3}},"94":{"start":{"line":266,"column":4},"end":{"line":270,"column":7}},"95":{"start":{"line":272,"column":4},"end":{"line":272,"column":69}},"96":{"start":{"line":273,"column":4},"end":{"line":278,"column":7}},"97":{"start":{"line":285,"column":24},"end":{"line":343,"column":1}},"98":{"start":{"line":286,"column":2},"end":{"line":342,"column":3}},"99":{"start":{"line":287,"column":23},"end":{"line":287,"column":31}},"100":{"start":{"line":290,"column":4},"end":{"line":296,"column":5}},"101":{"start":{"line":291,"column":6},"end":{"line":295,"column":9}},"102":{"start":{"line":299,"column":23},"end":{"line":302,"column":5}},"103":{"start":{"line":304,"column":4},"end":{"line":310,"column":5}},"104":{"start":{"line":305,"column":6},"end":{"line":309,"column":9}},"105":{"start":{"line":313,"column":27},"end":{"line":319,"column":5}},"106":{"start":{"line":321,"column":21},"end":{"line":321,"column":89}},"107":{"start":{"line":321,"column":46},"end":{"line":321,"column":88}},"108":{"start":{"line":323,"column":4},"end":{"line":329,"column":5}},"109":{"start":{"line":324,"column":6},"end":{"line":328,"column":9}},"110":{"start":{"line":331,"column":4},"end":{"line":333,"column":7}},"111":{"start":{"line":336,"column":4},"end":{"line":336,"column":55}},"112":{"start":{"line":337,"column":4},"end":{"line":341,"column":7}},"113":{"start":{"line":348,"column":27},"end":{"line":418,"column":1}},"114":{"start":{"line":349,"column":2},"end":{"line":417,"column":3}},"115":{"start":{"line":350,"column":72},"end":{"line":350,"column":80}},"116":{"start":{"line":351,"column":20},"end":{"line":351,"column":22}},"117":{"start":{"line":354,"column":4},"end":{"line":358,"column":5}},"118":{"start":{"line":355,"column":6},"end":{"line":355,"column":69}},"119":{"start":{"line":356,"column":11},"end":{"line":358,"column":5}},"120":{"start":{"line":357,"column":6},"end":{"line":357,"column":104}},"121":{"start":{"line":361,"column":4},"end":{"line":365,"column":5}},"122":{"start":{"line":362,"column":6},"end":{"line":362,"column":67}},"123":{"start":{"line":363,"column":11},"end":{"line":365,"column":5}},"124":{"start":{"line":364,"column":6},"end":{"line":364,"column":67}},"125":{"start":{"line":367,"column":4},"end":{"line":369,"column":5}},"126":{"start":{"line":368,"column":6},"end":{"line":368,"column":47}},"127":{"start":{"line":372,"column":23},"end":{"line":375,"column":5}},"128":{"start":{"line":377,"column":4},"end":{"line":383,"column":5}},"129":{"start":{"line":378,"column":6},"end":{"line":382,"column":9}},"130":{"start":{"line":385,"column":20},"end":{"line":385,"column":31}},"131":{"start":{"line":388,"column":4},"end":{"line":394,"column":5}},"132":{"start":{"line":389,"column":6},"end":{"line":393,"column":9}},"133":{"start":{"line":397,"column":17},"end":{"line":397,"column":41}},"134":{"start":{"line":398,"column":17},"end":{"line":398,"column":57}},"135":{"start":{"line":401,"column":4},"end":{"line":404,"column":6}},"136":{"start":{"line":406,"column":4},"end":{"line":408,"column":7}},"137":{"start":{"line":411,"column":4},"end":{"line":411,"column":58}},"138":{"start":{"line":412,"column":4},"end":{"line":416,"column":7}},"139":{"start":{"line":420,"column":0},"end":{"line":429,"column":2}}},"fnMap":{"0":{"name":"(anonymous_0)","decl":{"start":{"line":9,"column":34},"end":{"line":9,"column":35}},"loc":{"start":{"line":9,"column":48},"end":{"line":14,"column":1}},"line":9},"1":{"name":"(anonymous_1)","decl":{"start":{"line":19,"column":22},"end":{"line":19,"column":23}},"loc":{"start":{"line":19,"column":42},"end":{"line":83,"column":1}},"line":19},"2":{"name":"(anonymous_2)","decl":{"start":{"line":88,"column":30},"end":{"line":88,"column":31}},"loc":{"start":{"line":88,"column":50},"end":{"line":112,"column":1}},"line":88},"3":{"name":"validarDatosRegistro","decl":{"start":{"line":115,"column":9},"end":{"line":115,"column":29}},"loc":{"start":{"line":115,"column":37},"end":{"line":171,"column":1}},"line":115},"4":{"name":"capitalizarPalabras","decl":{"start":{"line":174,"column":9},"end":{"line":174,"column":28}},"loc":{"start":{"line":174,"column":36},"end":{"line":179,"column":1}},"line":174},"5":{"name":"(anonymous_5)","decl":{"start":{"line":177,"column":9},"end":{"line":177,"column":10}},"loc":{"start":{"line":177,"column":20},"end":{"line":177,"column":70}},"line":177},"6":{"name":"(anonymous_6)","decl":{"start":{"line":184,"column":25},"end":{"line":184,"column":26}},"loc":{"start":{"line":184,"column":45},"end":{"line":250,"column":1}},"line":184},"7":{"name":"(anonymous_7)","decl":{"start":{"line":255,"column":21},"end":{"line":255,"column":22}},"loc":{"start":{"line":255,"column":35},"end":{"line":259,"column":1}},"line":255},"8":{"name":"(anonymous_8)","decl":{"start":{"line":256,"column":22},"end":{"line":256,"column":23}},"loc":{"start":{"line":256,"column":28},"end":{"line":258,"column":3}},"line":256},"9":{"name":"(anonymous_9)","decl":{"start":{"line":264,"column":34},"end":{"line":264,"column":35}},"loc":{"start":{"line":264,"column":48},"end":{"line":280,"column":1}},"line":264},"10":{"name":"(anonymous_10)","decl":{"start":{"line":285,"column":24},"end":{"line":285,"column":25}},"loc":{"start":{"line":285,"column":44},"end":{"line":343,"column":1}},"line":285},"11":{"name":"(anonymous_11)","decl":{"start":{"line":321,"column":41},"end":{"line":321,"column":42}},"loc":{"start":{"line":321,"column":46},"end":{"line":321,"column":88}},"line":321},"12":{"name":"(anonymous_12)","decl":{"start":{"line":348,"column":27},"end":{"line":348,"column":28}},"loc":{"start":{"line":348,"column":47},"end":{"line":418,"column":1}},"line":348}},"branchMap":{"0":{"loc":{"start":{"line":25,"column":4},"end":{"line":29,"column":5}},"type":"if","locations":[{"start":{"line":25,"column":4},"end":{"line":29,"column":5}},{"start":{"line":27,"column":11},"end":{"line":29,"column":5}}],"line":25},"1":{"loc":{"start":{"line":25,"column":8},"end":{"line":25,"column":39}},"type":"binary-expr","locations":[{"start":{"line":25,"column":8},"end":{"line":25,"column":15}},{"start":{"line":25,"column":19},"end":{"line":25,"column":39}}],"line":25},"2":{"loc":{"start":{"line":27,"column":11},"end":{"line":29,"column":5}},"type":"if","locations":[{"start":{"line":27,"column":11},"end":{"line":29,"column":5}},{"start":{},"end":{}}],"line":27},"3":{"loc":{"start":{"line":31,"column":4},"end":{"line":33,"column":5}},"type":"if","locations":[{"start":{"line":31,"column":4},"end":{"line":33,"column":5}},{"start":{},"end":{}}],"line":31},"4":{"loc":{"start":{"line":36,"column":4},"end":{"line":38,"column":5}},"type":"if","locations":[{"start":{"line":36,"column":4},"end":{"line":38,"column":5}},{"start":{},"end":{}}],"line":36},"5":{"loc":{"start":{"line":46,"column":4},"end":{"line":52,"column":5}},"type":"if","locations":[{"start":{"line":46,"column":4},"end":{"line":52,"column":5}},{"start":{},"end":{}}],"line":46},"6":{"loc":{"start":{"line":58,"column":4},"end":{"line":64,"column":5}},"type":"if","locations":[{"start":{"line":58,"column":4},"end":{"line":64,"column":5}},{"start":{},"end":{}}],"line":58},"7":{"loc":{"start":{"line":119,"column":2},"end":{"line":125,"column":3}},"type":"if","locations":[{"start":{"line":119,"column":2},"end":{"line":125,"column":3}},{"start":{"line":121,"column":9},"end":{"line":125,"column":3}}],"line":119},"8":{"loc":{"start":{"line":119,"column":6},"end":{"line":119,"column":49}},"type":"binary-expr","locations":[{"start":{"line":119,"column":6},"end":{"line":119,"column":19}},{"start":{"line":119,"column":23},"end":{"line":119,"column":49}}],"line":119},"9":{"loc":{"start":{"line":121,"column":9},"end":{"line":125,"column":3}},"type":"if","locations":[{"start":{"line":121,"column":9},"end":{"line":125,"column":3}},{"start":{"line":123,"column":9},"end":{"line":125,"column":3}}],"line":121},"10":{"loc":{"start":{"line":123,"column":9},"end":{"line":125,"column":3}},"type":"if","locations":[{"start":{"line":123,"column":9},"end":{"line":125,"column":3}},{"start":{},"end":{}}],"line":123},"11":{"loc":{"start":{"line":128,"column":2},"end":{"line":132,"column":3}},"type":"if","locations":[{"start":{"line":128,"column":2},"end":{"line":132,"column":3}},{"start":{"line":130,"column":9},"end":{"line":132,"column":3}}],"line":128},"12":{"loc":{"start":{"line":128,"column":6},"end":{"line":128,"column":49}},"type":"binary-expr","locations":[{"start":{"line":128,"column":6},"end":{"line":128,"column":19}},{"start":{"line":128,"column":23},"end":{"line":128,"column":49}}],"line":128},"13":{"loc":{"start":{"line":130,"column":9},"end":{"line":132,"column":3}},"type":"if","locations":[{"start":{"line":130,"column":9},"end":{"line":132,"column":3}},{"start":{},"end":{}}],"line":130},"14":{"loc":{"start":{"line":135,"column":2},"end":{"line":139,"column":3}},"type":"if","locations":[{"start":{"line":135,"column":2},"end":{"line":139,"column":3}},{"start":{"line":137,"column":9},"end":{"line":139,"column":3}}],"line":135},"15":{"loc":{"start":{"line":137,"column":9},"end":{"line":139,"column":3}},"type":"if","locations":[{"start":{"line":137,"column":9},"end":{"line":139,"column":3}},{"start":{},"end":{}}],"line":137},"16":{"loc":{"start":{"line":142,"column":2},"end":{"line":146,"column":3}},"type":"if","locations":[{"start":{"line":142,"column":2},"end":{"line":146,"column":3}},{"start":{"line":144,"column":9},"end":{"line":146,"column":3}}],"line":142},"17":{"loc":{"start":{"line":144,"column":9},"end":{"line":146,"column":3}},"type":"if","locations":[{"start":{"line":144,"column":9},"end":{"line":146,"column":3}},{"start":{},"end":{}}],"line":144},"18":{"loc":{"start":{"line":149,"column":2},"end":{"line":151,"column":3}},"type":"if","locations":[{"start":{"line":149,"column":2},"end":{"line":151,"column":3}},{"start":{},"end":{}}],"line":149},"19":{"loc":{"start":{"line":154,"column":2},"end":{"line":156,"column":3}},"type":"if","locations":[{"start":{"line":154,"column":2},"end":{"line":156,"column":3}},{"start":{},"end":{}}],"line":154},"20":{"loc":{"start":{"line":154,"column":6},"end":{"line":154,"column":75}},"type":"binary-expr","locations":[{"start":{"line":154,"column":6},"end":{"line":154,"column":32}},{"start":{"line":154,"column":36},"end":{"line":154,"column":75}}],"line":154},"21":{"loc":{"start":{"line":159,"column":2},"end":{"line":161,"column":3}},"type":"if","locations":[{"start":{"line":159,"column":2},"end":{"line":161,"column":3}},{"start":{},"end":{}}],"line":159},"22":{"loc":{"start":{"line":159,"column":6},"end":{"line":159,"column":61}},"type":"binary-expr","locations":[{"start":{"line":159,"column":6},"end":{"line":159,"column":25}},{"start":{"line":159,"column":29},"end":{"line":159,"column":61}}],"line":159},"23":{"loc":{"start":{"line":164,"column":2},"end":{"line":168,"column":3}},"type":"if","locations":[{"start":{"line":164,"column":2},"end":{"line":168,"column":3}},{"start":{"line":166,"column":9},"end":{"line":168,"column":3}}],"line":164},"24":{"loc":{"start":{"line":164,"column":6},"end":{"line":164,"column":67}},"type":"binary-expr","locations":[{"start":{"line":164,"column":6},"end":{"line":164,"column":28}},{"start":{"line":164,"column":32},"end":{"line":164,"column":67}}],"line":164},"25":{"loc":{"start":{"line":166,"column":9},"end":{"line":168,"column":3}},"type":"if","locations":[{"start":{"line":166,"column":9},"end":{"line":168,"column":3}},{"start":{},"end":{}}],"line":166},"26":{"loc":{"start":{"line":193,"column":4},"end":{"line":195,"column":5}},"type":"if","locations":[{"start":{"line":193,"column":4},"end":{"line":195,"column":5}},{"start":{},"end":{}}],"line":193},"27":{"loc":{"start":{"line":203,"column":4},"end":{"line":209,"column":5}},"type":"if","locations":[{"start":{"line":203,"column":4},"end":{"line":209,"column":5}},{"start":{},"end":{}}],"line":203},"28":{"loc":{"start":{"line":203,"column":8},"end":{"line":203,"column":59}},"type":"binary-expr","locations":[{"start":{"line":203,"column":8},"end":{"line":203,"column":26}},{"start":{"line":203,"column":30},"end":{"line":203,"column":59}}],"line":203},"29":{"loc":{"start":{"line":233,"column":4},"end":{"line":241,"column":5}},"type":"if","locations":[{"start":{"line":233,"column":4},"end":{"line":241,"column":5}},{"start":{"line":239,"column":11},"end":{"line":241,"column":5}}],"line":233},"30":{"loc":{"start":{"line":233,"column":8},"end":{"line":233,"column":39}},"type":"binary-expr","locations":[{"start":{"line":233,"column":8},"end":{"line":233,"column":17}},{"start":{"line":233,"column":21},"end":{"line":233,"column":39}}],"line":233},"31":{"loc":{"start":{"line":269,"column":15},"end":{"line":269,"column":42}},"type":"binary-expr","locations":[{"start":{"line":269,"column":15},"end":{"line":269,"column":34}},{"start":{"line":269,"column":38},"end":{"line":269,"column":42}}],"line":269},"32":{"loc":{"start":{"line":277,"column":15},"end":{"line":277,"column":42}},"type":"binary-expr","locations":[{"start":{"line":277,"column":15},"end":{"line":277,"column":34}},{"start":{"line":277,"column":38},"end":{"line":277,"column":42}}],"line":277},"33":{"loc":{"start":{"line":290,"column":4},"end":{"line":296,"column":5}},"type":"if","locations":[{"start":{"line":290,"column":4},"end":{"line":296,"column":5}},{"start":{},"end":{}}],"line":290},"34":{"loc":{"start":{"line":290,"column":8},"end":{"line":290,"column":39}},"type":"binary-expr","locations":[{"start":{"line":290,"column":8},"end":{"line":290,"column":15}},{"start":{"line":290,"column":19},"end":{"line":290,"column":39}}],"line":290},"35":{"loc":{"start":{"line":304,"column":4},"end":{"line":310,"column":5}},"type":"if","locations":[{"start":{"line":304,"column":4},"end":{"line":310,"column":5}},{"start":{},"end":{}}],"line":304},"36":{"loc":{"start":{"line":323,"column":4},"end":{"line":329,"column":5}},"type":"if","locations":[{"start":{"line":323,"column":4},"end":{"line":329,"column":5}},{"start":{},"end":{}}],"line":323},"37":{"loc":{"start":{"line":354,"column":4},"end":{"line":358,"column":5}},"type":"if","locations":[{"start":{"line":354,"column":4},"end":{"line":358,"column":5}},{"start":{"line":356,"column":11},"end":{"line":358,"column":5}}],"line":354},"38":{"loc":{"start":{"line":356,"column":11},"end":{"line":358,"column":5}},"type":"if","locations":[{"start":{"line":356,"column":11},"end":{"line":358,"column":5}},{"start":{},"end":{}}],"line":356},"39":{"loc":{"start":{"line":361,"column":4},"end":{"line":365,"column":5}},"type":"if","locations":[{"start":{"line":361,"column":4},"end":{"line":365,"column":5}},{"start":{"line":363,"column":11},"end":{"line":365,"column":5}}],"line":361},"40":{"loc":{"start":{"line":363,"column":11},"end":{"line":365,"column":5}},"type":"if","locations":[{"start":{"line":363,"column":11},"end":{"line":365,"column":5}},{"start":{},"end":{}}],"line":363},"41":{"loc":{"start":{"line":367,"column":4},"end":{"line":369,"column":5}},"type":"if","locations":[{"start":{"line":367,"column":4},"end":{"line":369,"column":5}},{"start":{},"end":{}}],"line":367},"42":{"loc":{"start":{"line":377,"column":4},"end":{"line":383,"column":5}},"type":"if","locations":[{"start":{"line":377,"column":4},"end":{"line":383,"column":5}},{"start":{},"end":{}}],"line":377},"43":{"loc":{"start":{"line":388,"column":4},"end":{"line":394,"column":5}},"type":"if","locations":[{"start":{"line":388,"column":4},"end":{"line":394,"column":5}},{"start":{},"end":{}}],"line":388}},"s":{"0":3,"1":3,"2":3,"3":3,"4":3,"5":0,"6":3,"7":0,"8":0,"9":0,"10":0,"11":0,"12":0,"13":0,"14":0,"15":0,"16":0,"17":0,"18":0,"19":0,"20":0,"21":0,"22":0,"23":0,"24":0,"25":0,"26":0,"27":0,"28":0,"29":0,"30":0,"31":0,"32":3,"33":0,"34":0,"35":0,"36":0,"37":0,"38":0,"39":0,"40":0,"41":0,"42":0,"43":0,"44":0,"45":0,"46":0,"47":0,"48":0,"49":0,"50":0,"51":0,"52":0,"53":0,"54":0,"55":0,"56":0,"57":0,"58":0,"59":0,"60":0,"61":0,"62":0,"63":0,"64":0,"65":0,"66":0,"67":0,"68":0,"69":0,"70":3,"71":0,"72":0,"73":0,"74":0,"75":0,"76":0,"77":0,"78":0,"79":0,"80":0,"81":0,"82":0,"83":0,"84":0,"85":0,"86":0,"87":0,"88":0,"89":3,"90":0,"91":0,"92":3,"93":0,"94":0,"95":0,"96":0,"97":3,"98":0,"99":0,"100":0,"101":0,"102":0,"103":0,"104":0,"105":0,"106":0,"107":0,"108":0,"109":0,"110":0,"111":0,"112":0,"113":3,"114":0,"115":0,"116":0,"117":0,"118":0,"119":0,"120":0,"121":0,"122":0,"123":0,"124":0,"125":0,"126":0,"127":0,"128":0,"129":0,"130":0,"131":0,"132":0,"133":0,"134":0,"135":0,"136":0,"137":0,"138":0,"139":3},"f":{"0":0,"1":0,"2":0,"3":0,"4":0,"5":0,"6":0,"7":0,"8":0,"9":0,"10":0,"11":0,"12":0},"b":{"0":[0,0],"1":[0,0],"2":[0,0],"3":[0,0],"4":[0,0],"5":[0,0],"6":[0,0],"7":[0,0],"8":[0,0],"9":[0,0],"10":[0,0],"11":[0,0],"12":[0,0],"13":[0,0],"14":[0,0],"15":[0,0],"16":[0,0],"17":[0,0],"18":[0,0],"19":[0,0],"20":[0,0],"21":[0,0],"22":[0,0],"23":[0,0],"24":[0,0],"25":[0,0],"26":[0,0],"27":[0,0],"28":[0,0],"29":[0,0],"30":[0,0],"31":[0,0],"32":[0,0],"33":[0,0],"34":[0,0],"35":[0,0],"36":[0,0],"37":[0,0],"38":[0,0],"39":[0,0],"40":[0,0],"41":[0,0],"42":[0,0],"43":[0,0]},"_coverageSchema":"1a1c01bbd47fc00a2c39e90264f33305004495a9","hash":"c02a4f43812553b73da5e93d026f25f872b5b18d"}
,"D:\\Study\\DAW2-2-24-25\\TFG\\Toastem\\controllers\\dashboardController.js": {"path":"D:\\Study\\DAW2-2-24-25\\TFG\\Toastem\\controllers\\dashboardController.js","statementMap":{"0":{"start":{"line":4,"column":25},"end":{"line":24,"column":1}},"1":{"start":{"line":5,"column":2},"end":{"line":23,"column":3}},"2":{"start":{"line":6,"column":20},"end":{"line":6,"column":39}},"3":{"start":{"line":11,"column":4},"end":{"line":15,"column":7}},"4":{"start":{"line":17,"column":4},"end":{"line":17,"column":58}},"5":{"start":{"line":18,"column":4},"end":{"line":22,"column":7}},"6":{"start":{"line":26,"column":0},"end":{"line":28,"column":2}}},"fnMap":{"0":{"name":"(anonymous_0)","decl":{"start":{"line":4,"column":25},"end":{"line":4,"column":26}},"loc":{"start":{"line":4,"column":45},"end":{"line":24,"column":1}},"line":4}},"branchMap":{"0":{"loc":{"start":{"line":21,"column":13},"end":{"line":21,"column":64}},"type":"cond-expr","locations":[{"start":{"line":21,"column":54},"end":{"line":21,"column":59}},{"start":{"line":21,"column":62},"end":{"line":21,"column":64}}],"line":21}},"s":{"0":2,"1":0,"2":0,"3":0,"4":0,"5":0,"6":2},"f":{"0":0},"b":{"0":[0,0]},"_coverageSchema":"1a1c01bbd47fc00a2c39e90264f33305004495a9","hash":"364cf831e35abbe2e388d3bec35f5c9da4319ed7"}
,"D:\\Study\\DAW2-2-24-25\\TFG\\Toastem\\middlewares\\auth.js": {"path":"D:\\Study\\DAW2-2-24-25\\TFG\\Toastem\\middlewares\\auth.js","statementMap":{"0":{"start":{"line":4,"column":20},"end":{"line":9,"column":1}},"1":{"start":{"line":5,"column":2},"end":{"line":7,"column":3}},"2":{"start":{"line":6,"column":4},"end":{"line":6,"column":18}},"3":{"start":{"line":8,"column":2},"end":{"line":8,"column":30}},"4":{"start":{"line":14,"column":22},"end":{"line":24,"column":1}},"5":{"start":{"line":16,"column":2},"end":{"line":18,"column":3}},"6":{"start":{"line":17,"column":4},"end":{"line":17,"column":18}},"7":{"start":{"line":20,"column":2},"end":{"line":22,"column":3}},"8":{"start":{"line":21,"column":4},"end":{"line":21,"column":18}},"9":{"start":{"line":23,"column":2},"end":{"line":23,"column":29}},"10":{"start":{"line":26,"column":0},"end":{"line":29,"column":2}}},"fnMap":{"0":{"name":"(anonymous_0)","decl":{"start":{"line":4,"column":20},"end":{"line":4,"column":21}},"loc":{"start":{"line":4,"column":40},"end":{"line":9,"column":1}},"line":4},"1":{"name":"(anonymous_1)","decl":{"start":{"line":14,"column":22},"end":{"line":14,"column":23}},"loc":{"start":{"line":14,"column":42},"end":{"line":24,"column":1}},"line":14}},"branchMap":{"0":{"loc":{"start":{"line":5,"column":2},"end":{"line":7,"column":3}},"type":"if","locations":[{"start":{"line":5,"column":2},"end":{"line":7,"column":3}},{"start":{},"end":{}}],"line":5},"1":{"loc":{"start":{"line":16,"column":2},"end":{"line":18,"column":3}},"type":"if","locations":[{"start":{"line":16,"column":2},"end":{"line":18,"column":3}},{"start":{},"end":{}}],"line":16},"2":{"loc":{"start":{"line":20,"column":2},"end":{"line":22,"column":3}},"type":"if","locations":[{"start":{"line":20,"column":2},"end":{"line":22,"column":3}},{"start":{},"end":{}}],"line":20}},"s":{"0":3,"1":0,"2":0,"3":0,"4":3,"5":0,"6":0,"7":0,"8":0,"9":0,"10":3},"f":{"0":0,"1":0},"b":{"0":[0,0],"1":[0,0],"2":[0,0]},"_coverageSchema":"1a1c01bbd47fc00a2c39e90264f33305004495a9","hash":"17c3fdeaab309c053c9cc784b1997d231a65ae02"}
,"D:\\Study\\DAW2-2-24-25\\TFG\\Toastem\\models\\Usuario.js": {"path":"D:\\Study\\DAW2-2-24-25\\TFG\\Toastem\\models\\Usuario.js","statementMap":{"0":{"start":{"line":1,"column":19},"end":{"line":1,"column":46}},"1":{"start":{"line":5,"column":4},"end":{"line":5,"column":17}},"2":{"start":{"line":6,"column":4},"end":{"line":6,"column":25}},"3":{"start":{"line":7,"column":4},"end":{"line":7,"column":23}},"4":{"start":{"line":8,"column":4},"end":{"line":8,"column":55}},"5":{"start":{"line":9,"column":4},"end":{"line":9,"column":51}},"6":{"start":{"line":10,"column":4},"end":{"line":10,"column":37}},"7":{"start":{"line":11,"column":4},"end":{"line":11,"column":43}},"8":{"start":{"line":20,"column":4},"end":{"line":28,"column":6}},"9":{"start":{"line":37,"column":4},"end":{"line":56,"column":5}},"10":{"start":{"line":39,"column":27},"end":{"line":39,"column":71}},"11":{"start":{"line":40,"column":6},"end":{"line":42,"column":7}},"12":{"start":{"line":41,"column":8},"end":{"line":41,"column":68}},"13":{"start":{"line":45,"column":21},"end":{"line":45,"column":54}},"14":{"start":{"line":48,"column":27},"end":{"line":51,"column":7}},"15":{"start":{"line":53,"column":6},"end":{"line":53,"column":44}},"16":{"start":{"line":55,"column":6},"end":{"line":55,"column":18}},"17":{"start":{"line":66,"column":4},"end":{"line":76,"column":5}},"18":{"start":{"line":67,"column":22},"end":{"line":67,"column":75}},"19":{"start":{"line":69,"column":6},"end":{"line":71,"column":7}},"20":{"start":{"line":70,"column":8},"end":{"line":70,"column":20}},"21":{"start":{"line":73,"column":6},"end":{"line":73,"column":39}},"22":{"start":{"line":75,"column":6},"end":{"line":75,"column":18}},"23":{"start":{"line":84,"column":4},"end":{"line":84,"column":51}},"24":{"start":{"line":94,"column":4},"end":{"line":94,"column":69}},"25":{"start":{"line":104,"column":4},"end":{"line":104,"column":63}},"26":{"start":{"line":113,"column":20},"end":{"line":113,"column":55}},"27":{"start":{"line":115,"column":4},"end":{"line":117,"column":5}},"28":{"start":{"line":116,"column":6},"end":{"line":116,"column":18}},"29":{"start":{"line":119,"column":4},"end":{"line":119,"column":37}},"30":{"start":{"line":123,"column":0},"end":{"line":123,"column":25}}},"fnMap":{"0":{"name":"(anonymous_0)","decl":{"start":{"line":4,"column":2},"end":{"line":4,"column":3}},"loc":{"start":{"line":4,"column":108},"end":{"line":12,"column":3}},"line":4},"1":{"name":"(anonymous_1)","decl":{"start":{"line":19,"column":2},"end":{"line":19,"column":3}},"loc":{"start":{"line":19,"column":24},"end":{"line":29,"column":3}},"line":19},"2":{"name":"(anonymous_2)","decl":{"start":{"line":36,"column":2},"end":{"line":36,"column":3}},"loc":{"start":{"line":36,"column":34},"end":{"line":57,"column":3}},"line":36},"3":{"name":"(anonymous_3)","decl":{"start":{"line":65,"column":2},"end":{"line":65,"column":3}},"loc":{"start":{"line":65,"column":45},"end":{"line":77,"column":3}},"line":65},"4":{"name":"(anonymous_4)","decl":{"start":{"line":83,"column":2},"end":{"line":83,"column":3}},"loc":{"start":{"line":83,"column":38},"end":{"line":85,"column":3}},"line":83},"5":{"name":"(anonymous_5)","decl":{"start":{"line":93,"column":2},"end":{"line":93,"column":3}},"loc":{"start":{"line":93,"column":56},"end":{"line":95,"column":3}},"line":93},"6":{"name":"(anonymous_6)","decl":{"start":{"line":103,"column":2},"end":{"line":103,"column":3}},"loc":{"start":{"line":103,"column":50},"end":{"line":105,"column":3}},"line":103},"7":{"name":"(anonymous_7)","decl":{"start":{"line":112,"column":2},"end":{"line":112,"column":3}},"loc":{"start":{"line":112,"column":34},"end":{"line":120,"column":3}},"line":112}},"branchMap":{"0":{"loc":{"start":{"line":40,"column":6},"end":{"line":42,"column":7}},"type":"if","locations":[{"start":{"line":40,"column":6},"end":{"line":42,"column":7}},{"start":{},"end":{}}],"line":40},"1":{"loc":{"start":{"line":69,"column":6},"end":{"line":71,"column":7}},"type":"if","locations":[{"start":{"line":69,"column":6},"end":{"line":71,"column":7}},{"start":{},"end":{}}],"line":69},"2":{"loc":{"start":{"line":115,"column":4},"end":{"line":117,"column":5}},"type":"if","locations":[{"start":{"line":115,"column":4},"end":{"line":117,"column":5}},{"start":{},"end":{}}],"line":115}},"s":{"0":1,"1":0,"2":0,"3":0,"4":0,"5":0,"6":0,"7":0,"8":0,"9":0,"10":0,"11":0,"12":0,"13":0,"14":0,"15":0,"16":0,"17":0,"18":0,"19":0,"20":0,"21":0,"22":0,"23":0,"24":0,"25":0,"26":0,"27":0,"28":0,"29":0,"30":1},"f":{"0":0,"1":0,"2":0,"3":0,"4":0,"5":0,"6":0,"7":0},"b":{"0":[0,0],"1":[0,0],"2":[0,0]},"_coverageSchema":"1a1c01bbd47fc00a2c39e90264f33305004495a9","hash":"81982277ea15e317122508fb1e29f340a19130f4"}
,"D:\\Study\\DAW2-2-24-25\\TFG\\Toastem\\models\\dao\\usuarioDAO.js": {"path":"D:\\Study\\DAW2-2-24-25\\TFG\\Toastem\\models\\dao\\usuarioDAO.js","statementMap":{"0":{"start":{"line":1,"column":11},"end":{"line":1,"column":43}},"1":{"start":{"line":2,"column":15},"end":{"line":2,"column":32}},"2":{"start":{"line":13,"column":4},"end":{"line":22,"column":5}},"3":{"start":{"line":14,"column":22},"end":{"line":17,"column":7}},"4":{"start":{"line":18,"column":6},"end":{"line":18,"column":52}},"5":{"start":{"line":20,"column":6},"end":{"line":20,"column":65}},"6":{"start":{"line":21,"column":6},"end":{"line":21,"column":18}},"7":{"start":{"line":31,"column":4},"end":{"line":55,"column":5}},"8":{"start":{"line":33,"column":25},"end":{"line":33,"column":27}},"9":{"start":{"line":34,"column":29},"end":{"line":34,"column":76}},"10":{"start":{"line":36,"column":21},"end":{"line":49,"column":7}},"11":{"start":{"line":51,"column":6},"end":{"line":51,"column":29}},"12":{"start":{"line":53,"column":6},"end":{"line":53,"column":54}},"13":{"start":{"line":54,"column":6},"end":{"line":54,"column":18}},"14":{"start":{"line":65,"column":4},"end":{"line":78,"column":5}},"15":{"start":{"line":66,"column":22},"end":{"line":66,"column":51}},"16":{"start":{"line":68,"column":6},"end":{"line":70,"column":7}},"17":{"start":{"line":69,"column":8},"end":{"line":69,"column":20}},"18":{"start":{"line":72,"column":22},"end":{"line":72,"column":70}},"19":{"start":{"line":74,"column":6},"end":{"line":74,"column":38}},"20":{"start":{"line":76,"column":6},"end":{"line":76,"column":61}},"21":{"start":{"line":77,"column":6},"end":{"line":77,"column":18}},"22":{"start":{"line":86,"column":4},"end":{"line":91,"column":5}},"23":{"start":{"line":87,"column":6},"end":{"line":87,"column":65}},"24":{"start":{"line":89,"column":6},"end":{"line":89,"column":71}},"25":{"start":{"line":90,"column":6},"end":{"line":90,"column":18}},"26":{"start":{"line":101,"column":4},"end":{"line":113,"column":5}},"27":{"start":{"line":102,"column":22},"end":{"line":102,"column":51}},"28":{"start":{"line":104,"column":6},"end":{"line":106,"column":7}},"29":{"start":{"line":105,"column":8},"end":{"line":105,"column":21}},"30":{"start":{"line":109,"column":6},"end":{"line":109,"column":83}},"31":{"start":{"line":111,"column":6},"end":{"line":111,"column":71}},"32":{"start":{"line":112,"column":6},"end":{"line":112,"column":18}},"33":{"start":{"line":123,"column":4},"end":{"line":136,"column":5}},"34":{"start":{"line":124,"column":25},"end":{"line":124,"column":27}},"35":{"start":{"line":125,"column":29},"end":{"line":125,"column":71}},"36":{"start":{"line":127,"column":21},"end":{"line":130,"column":7}},"37":{"start":{"line":132,"column":6},"end":{"line":132,"column":37}},"38":{"start":{"line":134,"column":6},"end":{"line":134,"column":62}},"39":{"start":{"line":135,"column":6},"end":{"line":135,"column":18}},"40":{"start":{"line":140,"column":0},"end":{"line":140,"column":34}}},"fnMap":{"0":{"name":"(anonymous_0)","decl":{"start":{"line":5,"column":2},"end":{"line":5,"column":3}},"loc":{"start":{"line":5,"column":16},"end":{"line":5,"column":18}},"line":5},"1":{"name":"(anonymous_1)","decl":{"start":{"line":12,"column":2},"end":{"line":12,"column":3}},"loc":{"start":{"line":12,"column":27},"end":{"line":23,"column":3}},"line":12},"2":{"name":"(anonymous_2)","decl":{"start":{"line":30,"column":2},"end":{"line":30,"column":3}},"loc":{"start":{"line":30,"column":24},"end":{"line":56,"column":3}},"line":30},"3":{"name":"(anonymous_3)","decl":{"start":{"line":64,"column":2},"end":{"line":64,"column":3}},"loc":{"start":{"line":64,"column":45},"end":{"line":79,"column":3}},"line":64},"4":{"name":"(anonymous_4)","decl":{"start":{"line":85,"column":2},"end":{"line":85,"column":3}},"loc":{"start":{"line":85,"column":31},"end":{"line":92,"column":3}},"line":85},"5":{"name":"(anonymous_5)","decl":{"start":{"line":100,"column":2},"end":{"line":100,"column":3}},"loc":{"start":{"line":100,"column":49},"end":{"line":114,"column":3}},"line":100},"6":{"name":"(anonymous_6)","decl":{"start":{"line":122,"column":2},"end":{"line":122,"column":3}},"loc":{"start":{"line":122,"column":43},"end":{"line":137,"column":3}},"line":122}},"branchMap":{"0":{"loc":{"start":{"line":18,"column":13},"end":{"line":18,"column":51}},"type":"cond-expr","locations":[{"start":{"line":18,"column":34},"end":{"line":18,"column":44}},{"start":{"line":18,"column":47},"end":{"line":18,"column":51}}],"line":18},"1":{"loc":{"start":{"line":47,"column":10},"end":{"line":47,"column":41}},"type":"binary-expr","locations":[{"start":{"line":47,"column":10},"end":{"line":47,"column":33}},{"start":{"line":47,"column":37},"end":{"line":47,"column":41}}],"line":47},"2":{"loc":{"start":{"line":68,"column":6},"end":{"line":70,"column":7}},"type":"if","locations":[{"start":{"line":68,"column":6},"end":{"line":70,"column":7}},{"start":{},"end":{}}],"line":68},"3":{"loc":{"start":{"line":74,"column":13},"end":{"line":74,"column":37}},"type":"cond-expr","locations":[{"start":{"line":74,"column":23},"end":{"line":74,"column":30}},{"start":{"line":74,"column":33},"end":{"line":74,"column":37}}],"line":74},"4":{"loc":{"start":{"line":104,"column":6},"end":{"line":106,"column":7}},"type":"if","locations":[{"start":{"line":104,"column":6},"end":{"line":106,"column":7}},{"start":{},"end":{}}],"line":104}},"s":{"0":1,"1":1,"2":0,"3":0,"4":0,"5":0,"6":0,"7":0,"8":0,"9":0,"10":0,"11":0,"12":0,"13":0,"14":0,"15":0,"16":0,"17":0,"18":0,"19":0,"20":0,"21":0,"22":0,"23":0,"24":0,"25":0,"26":0,"27":0,"28":0,"29":0,"30":0,"31":0,"32":0,"33":0,"34":0,"35":0,"36":0,"37":0,"38":0,"39":0,"40":1},"f":{"0":1,"1":0,"2":0,"3":0,"4":0,"5":0,"6":0},"b":{"0":[0,0],"1":[0,0],"2":[0,0],"3":[0,0],"4":[0,0]},"_coverageSchema":"1a1c01bbd47fc00a2c39e90264f33305004495a9","hash":"ae0c3d2f527c5fd0d85cc66bde1273a859d46650"}
,"D:\\Study\\DAW2-2-24-25\\TFG\\Toastem\\routes\\authRoutes.js": {"path":"D:\\Study\\DAW2-2-24-25\\TFG\\Toastem\\routes\\authRoutes.js","statementMap":{"0":{"start":{"line":1,"column":16},"end":{"line":1,"column":34}},"1":{"start":{"line":2,"column":15},"end":{"line":2,"column":31}},"2":{"start":{"line":3,"column":24},"end":{"line":3,"column":64}},"3":{"start":{"line":4,"column":26},"end":{"line":4,"column":56}},"4":{"start":{"line":51,"column":0},"end":{"line":51,"column":79}},"5":{"start":{"line":52,"column":0},"end":{"line":52,"column":68}},"6":{"start":{"line":115,"column":0},"end":{"line":115,"column":78}},"7":{"start":{"line":116,"column":0},"end":{"line":116,"column":74}},"8":{"start":{"line":128,"column":0},"end":{"line":128,"column":52}},"9":{"start":{"line":160,"column":0},"end":{"line":160,"column":92}},"10":{"start":{"line":161,"column":0},"end":{"line":161,"column":83}},"11":{"start":{"line":198,"column":0},"end":{"line":198,"column":82}},"12":{"start":{"line":200,"column":0},"end":{"line":200,"column":24}}},"fnMap":{},"branchMap":{},"s":{"0":2,"1":2,"2":2,"3":2,"4":2,"5":2,"6":2,"7":2,"8":2,"9":2,"10":2,"11":2,"12":2},"f":{},"b":{},"_coverageSchema":"1a1c01bbd47fc00a2c39e90264f33305004495a9","hash":"71832fd4ec5491efc7a6f00c18526ed5b1243f84"}
,"D:\\Study\\DAW2-2-24-25\\TFG\\Toastem\\routes\\dashboardRoutes.js": {"path":"D:\\Study\\DAW2-2-24-25\\TFG\\Toastem\\routes\\dashboardRoutes.js","statementMap":{"0":{"start":{"line":1,"column":16},"end":{"line":1,"column":34}},"1":{"start":{"line":2,"column":15},"end":{"line":2,"column":31}},"2":{"start":{"line":3,"column":29},"end":{"line":3,"column":74}},"3":{"start":{"line":4,"column":24},"end":{"line":4,"column":54}},"4":{"start":{"line":53,"column":0},"end":{"line":53,"column":68}},"5":{"start":{"line":55,"column":0},"end":{"line":55,"column":24}}},"fnMap":{},"branchMap":{},"s":{"0":2,"1":2,"2":2,"3":2,"4":2,"5":2},"f":{},"b":{},"_coverageSchema":"1a1c01bbd47fc00a2c39e90264f33305004495a9","hash":"58d9a88e13d15f7b7bf27485a5bc17634a009017"}
}
