TN:
SF:app.js
FN:71,(anonymous_0)
FN:78,(anonymous_1)
FN:86,(anonymous_2)
FN:94,(anonymous_3)
FN:109,(anonymous_4)
FNF:5
FNH:1
FNDA:21,(anonymous_0)
FNDA:0,(anonymous_1)
FNDA:0,(anonymous_2)
FNDA:0,(anonymous_3)
FNDA:0,(anonymous_4)
DA:1,3
DA:2,3
DA:3,3
DA:4,3
DA:5,3
DA:6,3
DA:7,3
DA:8,3
DA:9,3
DA:10,3
DA:13,3
DA:35,3
DA:38,3
DA:39,3
DA:42,3
DA:45,3
DA:46,3
DA:47,3
DA:50,3
DA:51,3
DA:52,3
DA:53,3
DA:54,3
DA:57,3
DA:60,3
DA:71,3
DA:72,21
DA:73,21
DA:74,21
DA:78,3
DA:79,0
DA:82,3
DA:83,3
DA:86,3
DA:87,0
DA:94,3
DA:95,0
DA:96,0
DA:104,3
DA:107,3
DA:108,0
DA:109,0
DA:110,0
DA:113,0
DA:114,0
DA:115,0
DA:116,0
DA:118,0
DA:121,0
LF:49
LH:36
BRDA:61,0,0,3
BRDA:61,0,1,0
BRDA:72,1,0,21
BRDA:72,1,1,21
BRDA:98,2,0,0
BRDA:98,2,1,0
BRDA:107,3,0,0
BRDA:107,3,1,3
BRDA:108,4,0,0
BRDA:108,4,1,0
BRDA:115,5,0,0
BRDA:115,5,1,0
BRF:12
BRH:4
end_of_record
TN:
SF:config\database.js
FN:5,(anonymous_0)
FN:9,(anonymous_1)
FN:38,(anonymous_2)
FN:52,(anonymous_3)
FNF:4
FNH:1
FNDA:4,(anonymous_0)
FNDA:0,(anonymous_1)
FNDA:0,(anonymous_2)
FNDA:0,(anonymous_3)
DA:1,4
DA:2,4
DA:6,4
DA:10,0
DA:11,0
DA:21,0
DA:29,0
DA:30,0
DA:31,0
DA:33,0
DA:34,0
DA:40,0
DA:41,0
DA:42,0
DA:43,0
DA:45,0
DA:46,0
DA:48,0
DA:54,0
DA:55,0
DA:56,0
DA:57,0
DA:59,0
DA:60,0
DA:62,0
DA:68,4
DA:70,4
LF:27
LH:5
BRDA:10,0,0,0
BRDA:10,0,1,0
BRDA:25,1,0,0
BRDA:25,1,1,0
BRDA:48,2,0,0
BRDA:48,2,1,0
BRDA:62,3,0,0
BRDA:62,3,1,0
BRF:8
BRH:0
end_of_record
TN:
SF:controllers\authController.js
FN:9,(anonymous_0)
FN:19,(anonymous_1)
FN:88,(anonymous_2)
FN:115,validarDatosRegistro
FN:174,capitalizarPalabras
FN:177,(anonymous_5)
FN:184,(anonymous_6)
FN:255,(anonymous_7)
FN:256,(anonymous_8)
FN:264,(anonymous_9)
FN:285,(anonymous_10)
FN:321,(anonymous_11)
FN:348,(anonymous_12)
FNF:13
FNH:7
FNDA:1,(anonymous_0)
FNDA:10,(anonymous_1)
FNDA:1,(anonymous_2)
FNDA:13,validarDatosRegistro
FNDA:0,capitalizarPalabras
FNDA:0,(anonymous_5)
FNDA:13,(anonymous_6)
FNDA:3,(anonymous_7)
FNDA:3,(anonymous_8)
FNDA:0,(anonymous_9)
FNDA:0,(anonymous_10)
FNDA:0,(anonymous_11)
FNDA:0,(anonymous_12)
DA:1,4
DA:2,4
DA:3,4
DA:4,4
DA:9,4
DA:10,1
DA:19,4
DA:20,10
DA:21,10
DA:22,10
DA:25,10
DA:26,10
DA:27,0
DA:28,0
DA:31,10
DA:32,10
DA:36,10
DA:37,10
DA:41,0
DA:46,0
DA:47,0
DA:54,0
DA:57,0
DA:58,0
DA:59,0
DA:67,0
DA:68,0
DA:71,0
DA:72,0
DA:74,0
DA:76,0
DA:77,0
DA:88,4
DA:89,1
DA:91,1
DA:99,1
DA:105,0
DA:106,0
DA:116,13
DA:119,13
DA:120,13
DA:121,0
DA:122,0
DA:123,0
DA:124,0
DA:128,13
DA:129,13
DA:130,0
DA:131,0
DA:135,13
DA:136,13
DA:137,0
DA:138,0
DA:142,13
DA:143,13
DA:144,0
DA:145,0
DA:149,13
DA:150,3
DA:154,13
DA:155,3
DA:159,13
DA:160,3
DA:164,13
DA:165,3
DA:166,10
DA:167,0
DA:170,13
DA:175,0
DA:177,0
DA:184,4
DA:185,13
DA:186,13
DA:187,13
DA:190,13
DA:193,13
DA:194,13
DA:198,0
DA:203,0
DA:204,0
DA:212,0
DA:213,0
DA:216,0
DA:233,0
DA:234,0
DA:235,0
DA:240,0
DA:243,0
DA:244,0
DA:255,4
DA:256,3
DA:257,3
DA:264,4
DA:265,0
DA:266,0
DA:272,0
DA:273,0
DA:285,4
DA:286,0
DA:287,0
DA:290,0
DA:291,0
DA:299,0
DA:304,0
DA:305,0
DA:313,0
DA:321,0
DA:323,0
DA:324,0
DA:331,0
DA:336,0
DA:337,0
DA:348,4
DA:349,0
DA:350,0
DA:351,0
DA:354,0
DA:355,0
DA:356,0
DA:357,0
DA:361,0
DA:362,0
DA:363,0
DA:364,0
DA:367,0
DA:368,0
DA:372,0
DA:377,0
DA:378,0
DA:385,0
DA:388,0
DA:389,0
DA:397,0
DA:398,0
DA:401,0
DA:406,0
DA:411,0
DA:412,0
DA:420,4
LF:139
LH:53
BRDA:25,0,0,10
BRDA:25,0,1,0
BRDA:25,1,0,10
BRDA:25,1,1,0
BRDA:27,2,0,0
BRDA:27,2,1,0
BRDA:31,3,0,10
BRDA:31,3,1,0
BRDA:36,4,0,10
BRDA:36,4,1,0
BRDA:46,5,0,0
BRDA:46,5,1,0
BRDA:58,6,0,0
BRDA:58,6,1,0
BRDA:119,7,0,13
BRDA:119,7,1,0
BRDA:119,8,0,13
BRDA:119,8,1,0
BRDA:121,9,0,0
BRDA:121,9,1,0
BRDA:123,10,0,0
BRDA:123,10,1,0
BRDA:128,11,0,13
BRDA:128,11,1,0
BRDA:128,12,0,13
BRDA:128,12,1,0
BRDA:130,13,0,0
BRDA:130,13,1,0
BRDA:135,14,0,13
BRDA:135,14,1,0
BRDA:137,15,0,0
BRDA:137,15,1,0
BRDA:142,16,0,13
BRDA:142,16,1,0
BRDA:144,17,0,0
BRDA:144,17,1,0
BRDA:149,18,0,3
BRDA:149,18,1,10
BRDA:154,19,0,3
BRDA:154,19,1,10
BRDA:154,20,0,13
BRDA:154,20,1,10
BRDA:159,21,0,3
BRDA:159,21,1,10
BRDA:159,22,0,13
BRDA:159,22,1,10
BRDA:164,23,0,3
BRDA:164,23,1,10
BRDA:164,24,0,13
BRDA:164,24,1,10
BRDA:166,25,0,0
BRDA:166,25,1,10
BRDA:193,26,0,13
BRDA:193,26,1,0
BRDA:203,27,0,0
BRDA:203,27,1,0
BRDA:203,28,0,0
BRDA:203,28,1,0
BRDA:233,29,0,0
BRDA:233,29,1,0
BRDA:233,30,0,0
BRDA:233,30,1,0
BRDA:269,31,0,0
BRDA:269,31,1,0
BRDA:277,32,0,0
BRDA:277,32,1,0
BRDA:290,33,0,0
BRDA:290,33,1,0
BRDA:290,34,0,0
BRDA:290,34,1,0
BRDA:304,35,0,0
BRDA:304,35,1,0
BRDA:323,36,0,0
BRDA:323,36,1,0
BRDA:354,37,0,0
BRDA:354,37,1,0
BRDA:356,38,0,0
BRDA:356,38,1,0
BRDA:361,39,0,0
BRDA:361,39,1,0
BRDA:363,40,0,0
BRDA:363,40,1,0
BRDA:367,41,0,0
BRDA:367,41,1,0
BRDA:377,42,0,0
BRDA:377,42,1,0
BRDA:388,43,0,0
BRDA:388,43,1,0
BRF:88
BRH:26
end_of_record
TN:
SF:controllers\dashboardController.js
FN:4,(anonymous_0)
FNF:1
FNH:0
FNDA:0,(anonymous_0)
DA:4,3
DA:5,0
DA:6,0
DA:11,0
DA:17,0
DA:18,0
DA:26,3
LF:7
LH:2
BRDA:21,0,0,0
BRDA:21,0,1,0
BRF:2
BRH:0
end_of_record
TN:
SF:middlewares\auth.js
FN:4,(anonymous_0)
FN:14,(anonymous_1)
FNF:2
FNH:2
FNDA:2,(anonymous_0)
FNDA:22,(anonymous_1)
DA:4,4
DA:5,2
DA:6,0
DA:8,2
DA:14,4
DA:16,22
DA:17,18
DA:20,4
DA:21,4
DA:23,0
DA:26,4
LF:11
LH:9
BRDA:5,0,0,0
BRDA:5,0,1,2
BRDA:16,1,0,18
BRDA:16,1,1,4
BRDA:20,2,0,4
BRDA:20,2,1,0
BRF:6
BRH:4
end_of_record
TN:
SF:models\Usuario.js
FN:4,(anonymous_0)
FN:19,(anonymous_1)
FN:36,(anonymous_2)
FN:65,(anonymous_3)
FN:83,(anonymous_4)
FN:93,(anonymous_5)
FN:103,(anonymous_6)
FN:112,(anonymous_7)
FNF:8
FNH:0
FNDA:0,(anonymous_0)
FNDA:0,(anonymous_1)
FNDA:0,(anonymous_2)
FNDA:0,(anonymous_3)
FNDA:0,(anonymous_4)
FNDA:0,(anonymous_5)
FNDA:0,(anonymous_6)
FNDA:0,(anonymous_7)
DA:1,2
DA:5,0
DA:6,0
DA:7,0
DA:8,0
DA:9,0
DA:10,0
DA:11,0
DA:20,0
DA:37,0
DA:39,0
DA:40,0
DA:41,0
DA:45,0
DA:48,0
DA:53,0
DA:55,0
DA:66,0
DA:67,0
DA:69,0
DA:70,0
DA:73,0
DA:75,0
DA:84,0
DA:94,0
DA:104,0
DA:113,0
DA:115,0
DA:116,0
DA:119,0
DA:123,2
LF:31
LH:2
BRDA:40,0,0,0
BRDA:40,0,1,0
BRDA:69,1,0,0
BRDA:69,1,1,0
BRDA:115,2,0,0
BRDA:115,2,1,0
BRF:6
BRH:0
end_of_record
TN:
SF:models\dao\usuarioDAO.js
FN:5,(anonymous_0)
FN:12,(anonymous_1)
FN:30,(anonymous_2)
FN:64,(anonymous_3)
FN:85,(anonymous_4)
FN:100,(anonymous_5)
FN:122,(anonymous_6)
FNF:7
FNH:1
FNDA:2,(anonymous_0)
FNDA:0,(anonymous_1)
FNDA:0,(anonymous_2)
FNDA:0,(anonymous_3)
FNDA:0,(anonymous_4)
FNDA:0,(anonymous_5)
FNDA:0,(anonymous_6)
DA:1,2
DA:2,2
DA:13,0
DA:14,0
DA:18,0
DA:20,0
DA:21,0
DA:31,0
DA:33,0
DA:34,0
DA:36,0
DA:51,0
DA:53,0
DA:54,0
DA:65,0
DA:66,0
DA:68,0
DA:69,0
DA:72,0
DA:74,0
DA:76,0
DA:77,0
DA:86,0
DA:87,0
DA:89,0
DA:90,0
DA:101,0
DA:102,0
DA:104,0
DA:105,0
DA:109,0
DA:111,0
DA:112,0
DA:123,0
DA:124,0
DA:125,0
DA:127,0
DA:132,0
DA:134,0
DA:135,0
DA:140,2
LF:41
LH:3
BRDA:18,0,0,0
BRDA:18,0,1,0
BRDA:47,1,0,0
BRDA:47,1,1,0
BRDA:68,2,0,0
BRDA:68,2,1,0
BRDA:74,3,0,0
BRDA:74,3,1,0
BRDA:104,4,0,0
BRDA:104,4,1,0
BRF:10
BRH:0
end_of_record
TN:
SF:routes\authRoutes.js
FNF:0
FNH:0
DA:1,3
DA:2,3
DA:3,3
DA:4,3
DA:51,3
DA:52,3
DA:115,3
DA:116,3
DA:128,3
DA:160,3
DA:161,3
DA:198,3
DA:200,3
LF:13
LH:13
BRF:0
BRH:0
end_of_record
TN:
SF:routes\dashboardRoutes.js
FNF:0
FNH:0
DA:1,3
DA:2,3
DA:3,3
DA:4,3
DA:53,3
DA:55,3
LF:6
LH:6
BRF:0
BRH:0
end_of_record
