TN:
SF:app.js
FN:71,(anonymous_0)
FN:78,(anonymous_1)
FN:86,(anonymous_2)
FN:95,(anonymous_3)
FN:110,(anonymous_4)
FNF:5
FNH:1
FNDA:31,(anonymous_0)
FNDA:0,(anonymous_1)
FNDA:0,(anonymous_2)
FNDA:0,(anonymous_3)
FNDA:0,(anonymous_4)
DA:1,3
DA:2,3
DA:3,3
DA:4,3
DA:5,3
DA:6,3
DA:7,3
DA:8,3
DA:9,3
DA:10,3
DA:13,3
DA:35,3
DA:38,3
DA:39,3
DA:42,3
DA:45,3
DA:46,3
DA:47,3
DA:50,3
DA:51,3
DA:52,3
DA:53,3
DA:54,3
DA:57,3
DA:60,3
DA:71,3
DA:72,31
DA:73,31
DA:74,31
DA:78,3
DA:79,0
DA:82,3
DA:83,3
DA:86,3
DA:87,0
DA:95,3
DA:96,0
DA:97,0
DA:105,3
DA:108,3
DA:109,0
DA:110,0
DA:111,0
DA:114,0
DA:115,0
DA:116,0
DA:117,0
DA:119,0
DA:122,0
LF:49
LH:36
BRDA:61,0,0,3
BRDA:61,0,1,0
BRDA:72,1,0,31
BRDA:72,1,1,31
BRDA:108,2,0,0
BRDA:108,2,1,3
BRDA:109,3,0,0
BRDA:109,3,1,0
BRDA:116,4,0,0
BRDA:116,4,1,0
BRF:10
BRH:4
end_of_record
TN:
SF:config\database.js
FN:5,(anonymous_0)
FN:9,(anonymous_1)
FN:38,(anonymous_2)
FN:52,(anonymous_3)
FNF:4
FNH:1
FNDA:3,(anonymous_0)
FNDA:0,(anonymous_1)
FNDA:0,(anonymous_2)
FNDA:0,(anonymous_3)
DA:1,3
DA:2,3
DA:6,3
DA:10,0
DA:11,0
DA:21,0
DA:29,0
DA:30,0
DA:31,0
DA:33,0
DA:34,0
DA:40,0
DA:41,0
DA:42,0
DA:43,0
DA:45,0
DA:46,0
DA:48,0
DA:54,0
DA:55,0
DA:56,0
DA:57,0
DA:59,0
DA:60,0
DA:62,0
DA:68,3
DA:70,3
LF:27
LH:5
BRDA:10,0,0,0
BRDA:10,0,1,0
BRDA:25,1,0,0
BRDA:25,1,1,0
BRDA:48,2,0,0
BRDA:48,2,1,0
BRDA:62,3,0,0
BRDA:62,3,1,0
BRF:8
BRH:0
end_of_record
TN:
SF:controllers\authController.js
FN:9,(anonymous_0)
FN:19,(anonymous_1)
FN:88,(anonymous_2)
FN:117,validarDatosRegistro
FN:176,capitalizarPalabras
FN:179,(anonymous_5)
FN:186,(anonymous_6)
FN:257,(anonymous_7)
FN:258,(anonymous_8)
FN:266,(anonymous_9)
FN:288,(anonymous_10)
FN:324,(anonymous_11)
FN:351,(anonymous_12)
FNF:13
FNH:7
FNDA:1,(anonymous_0)
FNDA:10,(anonymous_1)
FNDA:1,(anonymous_2)
FNDA:17,validarDatosRegistro
FNDA:0,capitalizarPalabras
FNDA:0,(anonymous_5)
FNDA:17,(anonymous_6)
FNDA:2,(anonymous_7)
FNDA:2,(anonymous_8)
FNDA:0,(anonymous_9)
FNDA:0,(anonymous_10)
FNDA:0,(anonymous_11)
FNDA:0,(anonymous_12)
DA:1,3
DA:2,3
DA:3,3
DA:4,3
DA:9,3
DA:10,1
DA:19,3
DA:20,10
DA:21,10
DA:22,10
DA:25,10
DA:26,10
DA:27,0
DA:28,0
DA:31,10
DA:32,10
DA:36,10
DA:37,10
DA:41,0
DA:46,0
DA:47,0
DA:54,0
DA:57,0
DA:58,0
DA:59,0
DA:67,0
DA:68,0
DA:71,0
DA:72,0
DA:74,0
DA:76,0
DA:77,0
DA:88,3
DA:89,1
DA:91,1
DA:99,1
DA:105,0
DA:106,0
DA:118,17
DA:121,17
DA:122,17
DA:123,0
DA:124,0
DA:125,0
DA:126,0
DA:130,17
DA:131,17
DA:132,0
DA:133,0
DA:137,17
DA:138,17
DA:139,0
DA:140,0
DA:144,17
DA:145,17
DA:146,0
DA:147,0
DA:151,17
DA:152,3
DA:156,17
DA:157,3
DA:161,17
DA:162,3
DA:166,17
DA:167,3
DA:168,14
DA:169,0
DA:172,17
DA:177,0
DA:179,0
DA:186,3
DA:187,17
DA:188,17
DA:189,17
DA:192,17
DA:195,17
DA:196,17
DA:200,0
DA:205,0
DA:206,0
DA:214,0
DA:215,0
DA:218,0
DA:235,0
DA:236,0
DA:237,0
DA:242,0
DA:245,0
DA:246,0
DA:257,3
DA:258,2
DA:259,2
DA:266,3
DA:267,0
DA:268,0
DA:274,0
DA:275,0
DA:288,3
DA:289,0
DA:290,0
DA:293,0
DA:294,0
DA:302,0
DA:307,0
DA:308,0
DA:316,0
DA:324,0
DA:326,0
DA:327,0
DA:334,0
DA:339,0
DA:340,0
DA:351,3
DA:352,0
DA:353,0
DA:354,0
DA:357,0
DA:358,0
DA:359,0
DA:360,0
DA:364,0
DA:365,0
DA:366,0
DA:367,0
DA:370,0
DA:371,0
DA:375,0
DA:380,0
DA:381,0
DA:388,0
DA:391,0
DA:392,0
DA:400,0
DA:401,0
DA:404,0
DA:409,0
DA:414,0
DA:415,0
DA:423,3
LF:139
LH:53
BRDA:25,0,0,10
BRDA:25,0,1,0
BRDA:25,1,0,10
BRDA:25,1,1,0
BRDA:27,2,0,0
BRDA:27,2,1,0
BRDA:31,3,0,10
BRDA:31,3,1,0
BRDA:36,4,0,10
BRDA:36,4,1,0
BRDA:46,5,0,0
BRDA:46,5,1,0
BRDA:58,6,0,0
BRDA:58,6,1,0
BRDA:111,7,0,0
BRDA:111,7,1,0
BRDA:121,8,0,17
BRDA:121,8,1,0
BRDA:121,9,0,17
BRDA:121,9,1,0
BRDA:123,10,0,0
BRDA:123,10,1,0
BRDA:125,11,0,0
BRDA:125,11,1,0
BRDA:130,12,0,17
BRDA:130,12,1,0
BRDA:130,13,0,17
BRDA:130,13,1,0
BRDA:132,14,0,0
BRDA:132,14,1,0
BRDA:137,15,0,17
BRDA:137,15,1,0
BRDA:139,16,0,0
BRDA:139,16,1,0
BRDA:144,17,0,17
BRDA:144,17,1,0
BRDA:146,18,0,0
BRDA:146,18,1,0
BRDA:151,19,0,3
BRDA:151,19,1,14
BRDA:156,20,0,3
BRDA:156,20,1,14
BRDA:156,21,0,17
BRDA:156,21,1,14
BRDA:161,22,0,3
BRDA:161,22,1,14
BRDA:161,23,0,17
BRDA:161,23,1,14
BRDA:166,24,0,3
BRDA:166,24,1,14
BRDA:166,25,0,17
BRDA:166,25,1,14
BRDA:168,26,0,0
BRDA:168,26,1,14
BRDA:195,27,0,17
BRDA:195,27,1,0
BRDA:205,28,0,0
BRDA:205,28,1,0
BRDA:205,29,0,0
BRDA:205,29,1,0
BRDA:235,30,0,0
BRDA:235,30,1,0
BRDA:235,31,0,0
BRDA:235,31,1,0
BRDA:271,32,0,0
BRDA:271,32,1,0
BRDA:279,33,0,0
BRDA:279,33,1,0
BRDA:280,34,0,0
BRDA:280,34,1,0
BRDA:293,35,0,0
BRDA:293,35,1,0
BRDA:293,36,0,0
BRDA:293,36,1,0
BRDA:307,37,0,0
BRDA:307,37,1,0
BRDA:326,38,0,0
BRDA:326,38,1,0
BRDA:357,39,0,0
BRDA:357,39,1,0
BRDA:359,40,0,0
BRDA:359,40,1,0
BRDA:364,41,0,0
BRDA:364,41,1,0
BRDA:366,42,0,0
BRDA:366,42,1,0
BRDA:370,43,0,0
BRDA:370,43,1,0
BRDA:380,44,0,0
BRDA:380,44,1,0
BRDA:391,45,0,0
BRDA:391,45,1,0
BRF:92
BRH:26
end_of_record
TN:
SF:controllers\dashboardController.js
FN:6,(anonymous_0)
FN:17,(anonymous_1)
FN:20,(anonymous_2)
FN:21,(anonymous_3)
FNF:4
FNH:0
FNDA:0,(anonymous_0)
FNDA:0,(anonymous_1)
FNDA:0,(anonymous_2)
FNDA:0,(anonymous_3)
DA:1,3
DA:6,3
DA:7,0
DA:8,0
DA:11,0
DA:14,0
DA:17,0
DA:20,0
DA:21,0
DA:24,0
DA:27,0
DA:39,0
DA:40,0
DA:49,3
LF:14
LH:3
BRDA:17,0,0,0
BRDA:17,0,1,0
BRDA:44,1,0,0
BRDA:44,1,1,0
BRF:4
BRH:0
end_of_record
TN:
SF:middlewares\auth.js
FN:4,(anonymous_0)
FN:14,(anonymous_1)
FNF:2
FNH:2
FNDA:2,(anonymous_0)
FNDA:32,(anonymous_1)
DA:4,4
DA:5,2
DA:6,0
DA:8,2
DA:14,4
DA:16,32
DA:17,28
DA:20,4
DA:21,4
DA:23,0
DA:26,4
LF:11
LH:9
BRDA:5,0,0,0
BRDA:5,0,1,2
BRDA:16,1,0,28
BRDA:16,1,1,4
BRDA:20,2,0,4
BRDA:20,2,1,0
BRF:6
BRH:4
end_of_record
TN:
SF:models\Usuario.js
FN:4,(anonymous_0)
FN:19,(anonymous_1)
FN:36,(anonymous_2)
FN:65,(anonymous_3)
FN:83,(anonymous_4)
FN:93,(anonymous_5)
FN:103,(anonymous_6)
FN:112,(anonymous_7)
FNF:8
FNH:0
FNDA:0,(anonymous_0)
FNDA:0,(anonymous_1)
FNDA:0,(anonymous_2)
FNDA:0,(anonymous_3)
FNDA:0,(anonymous_4)
FNDA:0,(anonymous_5)
FNDA:0,(anonymous_6)
FNDA:0,(anonymous_7)
DA:1,2
DA:5,0
DA:6,0
DA:7,0
DA:8,0
DA:9,0
DA:10,0
DA:11,0
DA:20,0
DA:37,0
DA:39,0
DA:40,0
DA:41,0
DA:45,0
DA:48,0
DA:53,0
DA:55,0
DA:66,0
DA:67,0
DA:69,0
DA:70,0
DA:73,0
DA:75,0
DA:84,0
DA:94,0
DA:104,0
DA:113,0
DA:115,0
DA:116,0
DA:119,0
DA:123,2
LF:31
LH:2
BRDA:40,0,0,0
BRDA:40,0,1,0
BRDA:69,1,0,0
BRDA:69,1,1,0
BRDA:115,2,0,0
BRDA:115,2,1,0
BRF:6
BRH:0
end_of_record
TN:
SF:models\dao\fincaDAO.js
FN:4,(anonymous_0)
FN:11,(anonymous_1)
FN:29,(anonymous_2)
FN:45,(anonymous_3)
FNF:4
FNH:1
FNDA:3,(anonymous_0)
FNDA:0,(anonymous_1)
FNDA:0,(anonymous_2)
FNDA:0,(anonymous_3)
DA:1,3
DA:12,0
DA:13,0
DA:17,0
DA:19,0
DA:20,0
DA:30,0
DA:31,0
DA:36,0
DA:37,0
DA:46,0
DA:48,0
DA:50,0
DA:51,0
DA:56,3
LF:15
LH:2
BRDA:17,0,0,0
BRDA:17,0,1,0
BRF:2
BRH:0
end_of_record
TN:
SF:models\dao\usuarioDAO.js
FN:5,(anonymous_0)
FN:12,(anonymous_1)
FN:30,(anonymous_2)
FN:64,(anonymous_3)
FN:85,(anonymous_4)
FN:100,(anonymous_5)
FN:122,(anonymous_6)
FNF:7
FNH:1
FNDA:2,(anonymous_0)
FNDA:0,(anonymous_1)
FNDA:0,(anonymous_2)
FNDA:0,(anonymous_3)
FNDA:0,(anonymous_4)
FNDA:0,(anonymous_5)
FNDA:0,(anonymous_6)
DA:1,2
DA:2,2
DA:13,0
DA:14,0
DA:18,0
DA:20,0
DA:21,0
DA:31,0
DA:33,0
DA:34,0
DA:36,0
DA:51,0
DA:53,0
DA:54,0
DA:65,0
DA:66,0
DA:68,0
DA:69,0
DA:72,0
DA:74,0
DA:76,0
DA:77,0
DA:86,0
DA:87,0
DA:89,0
DA:90,0
DA:101,0
DA:102,0
DA:104,0
DA:105,0
DA:109,0
DA:111,0
DA:112,0
DA:123,0
DA:124,0
DA:125,0
DA:127,0
DA:132,0
DA:134,0
DA:135,0
DA:140,2
LF:41
LH:3
BRDA:18,0,0,0
BRDA:18,0,1,0
BRDA:47,1,0,0
BRDA:47,1,1,0
BRDA:68,2,0,0
BRDA:68,2,1,0
BRDA:74,3,0,0
BRDA:74,3,1,0
BRDA:104,4,0,0
BRDA:104,4,1,0
BRF:10
BRH:0
end_of_record
TN:
SF:routes\authRoutes.js
FNF:0
FNH:0
DA:1,3
DA:2,3
DA:3,3
DA:4,3
DA:51,3
DA:52,3
DA:115,3
DA:116,3
DA:128,3
DA:160,3
DA:161,3
DA:198,3
DA:200,3
LF:13
LH:13
BRF:0
BRH:0
end_of_record
TN:
SF:routes\dashboardRoutes.js
FNF:0
FNH:0
DA:1,3
DA:2,3
DA:3,3
DA:4,3
DA:53,3
DA:55,3
LF:6
LH:6
BRF:0
BRH:0
end_of_record
